2026-04-16 02:56:42,357 [INFO] ============================================================
2026-04-16 02:56:42,358 [INFO] Genorova AR VAE Training
2026-04-16 02:56:42,358 [INFO] dataset=moses  epochs=30  batch=256  device=cpu
2026-04-16 02:56:42,358 [INFO] ============================================================
2026-04-16 02:56:42,358 [INFO] Loading dataset: moses (max_samples=20000)
2026-04-16 02:57:09,861 [INFO] Loaded 20000 molecules.
2026-04-16 02:57:09,903 [INFO] Vocabulary size: 29
2026-04-16 02:57:09,914 [INFO] SMILES length: max_observed=56  model_max_length=62
2026-04-16 02:57:09,915 [INFO] Encoding 20000 SMILES to one-hot (this may take a moment)...
2026-04-16 02:57:11,274 [INFO] Split: train=18000  val=2000
2026-04-16 02:57:11,426 [INFO] Model parameters: 2955869
2026-04-16 02:58:04,796 [INFO] Epoch 1  batch 50/71  loss=1.4272 recon=1.4272 kl=2.0536
2026-04-16 02:58:26,324 [INFO] Epoch 1/30 | train=1.7529 recon=1.7529 kl=1.6581 | val=1.2197 | kl_w=0.000 | lr=0.001000 | 71.6s | sanity=0.0%
2026-04-16 02:58:26,325 [INFO]   sample SMILES: ['l#3(=O)N2CC1', '(=O)c1OCCCCS(c3F)ccc2)n1', 'CONCN(C)No1cn(C)c3nH)ccc(SO)c2)c1', 'cccc1', 'CC(=O)Ncc(CC2)ncc2)c1', 'CC(=O)C2=O', 'l[5lO1)NCc1ccc(C(C)NCC32)cc32', '4rlClN(C(=O)CCS1']
2026-04-16 02:58:26,442 [INFO] New best val_loss=1.2197 Ś saved best checkpoint.
2026-04-16 02:59:15,347 [INFO] Epoch 2  batch 50/71  loss=1.0095 recon=1.0021 kl=0.7452
2026-04-16 02:59:37,682 [INFO] Epoch 2/30 | train=1.0916 recon=1.0822 kl=0.9395 | val=0.9320 | kl_w=0.010 | lr=0.001000 | 71.2s
2026-04-16 02:59:37,788 [INFO] New best val_loss=0.9320 Ś saved best checkpoint.
2026-04-16 03:00:28,244 [INFO] Epoch 3  batch 50/71  loss=0.8816 recon=0.8680 kl=0.6788
2026-04-16 03:00:50,117 [INFO] Epoch 3/30 | train=0.9036 recon=0.8898 kl=0.6920 | val=0.8162 | kl_w=0.020 | lr=0.001000 | 72.3s
2026-04-16 03:00:50,229 [INFO] New best val_loss=0.8162 Ś saved best checkpoint.
2026-04-16 03:01:51,420 [INFO] Epoch 4  batch 50/71  loss=0.7952 recon=0.7757 kl=0.6531
2026-04-16 03:02:13,405 [INFO] Epoch 4/30 | train=0.8147 recon=0.7951 kl=0.6527 | val=0.7446 | kl_w=0.030 | lr=0.001000 | 83.2s
2026-04-16 03:02:13,526 [INFO] New best val_loss=0.7446 Ś saved best checkpoint.
2026-04-16 03:03:06,012 [INFO] Epoch 5  batch 50/71  loss=0.7405 recon=0.7154 kl=0.6274
2026-04-16 03:03:27,774 [INFO] Epoch 5/30 | train=0.7575 recon=0.7325 kl=0.6247 | val=0.7033 | kl_w=0.040 | lr=0.001000 | 74.1s | sanity=25.0%
2026-04-16 03:03:27,775 [INFO]   sample SMILES: ['CCNc1nc(-c3cccnc3)nc2)c1C', 'O=C(CNC(=O)c1cccs1)c1ccc(Cl)c1', 'F)n1[nH]c1=O', 'CC(C)Oo1cnc(SCC(=O)NCCc2ccc(F)cc2)n1', 'nH]1', '=C(NC(C)C)C(C#=O)CC1', 'OC(=O)c1ccc(Br)cc1', 'F-(=O)Nc1cc2ccccc21)N(C(C)C']
2026-04-16 03:03:27,889 [INFO] New best val_loss=0.7033 Ś saved best checkpoint.
2026-04-16 03:04:14,593 [INFO] Epoch 6  batch 50/71  loss=0.7332 recon=0.7026 kl=0.6110
2026-04-16 03:04:34,986 [INFO] Epoch 6/30 | train=0.7171 recon=0.6865 kl=0.6114 | val=0.6694 | kl_w=0.050 | lr=0.001000 | 67.1s
2026-04-16 03:04:35,098 [INFO] New best val_loss=0.6694 Ś saved best checkpoint.
2026-04-16 03:05:24,245 [INFO] Epoch 7  batch 50/71  loss=0.6861 recon=0.6498 kl=0.6046
2026-04-16 03:05:45,687 [INFO] Epoch 7/30 | train=0.6897 recon=0.6536 kl=0.6015 | val=0.6432 | kl_w=0.060 | lr=0.001000 | 70.6s
2026-04-16 03:05:45,804 [INFO] New best val_loss=0.6432 Ś saved best checkpoint.
2026-04-16 03:06:35,542 [INFO] Epoch 8  batch 50/71  loss=0.6574 recon=0.6156 kl=0.5982
2026-04-16 03:07:01,117 [INFO] Epoch 8/30 | train=0.6680 recon=0.6263 kl=0.5954 | val=0.6227 | kl_w=0.070 | lr=0.001000 | 75.3s
2026-04-16 03:07:01,235 [INFO] New best val_loss=0.6227 Ś saved best checkpoint.
2026-04-16 03:07:59,705 [INFO] Epoch 9  batch 50/71  loss=0.6395 recon=0.5925 kl=0.5884
2026-04-16 03:08:25,627 [INFO] Epoch 9/30 | train=0.6482 recon=0.6010 kl=0.5899 | val=0.6125 | kl_w=0.080 | lr=0.001000 | 84.4s
2026-04-16 03:08:25,738 [INFO] New best val_loss=0.6125 Ś saved best checkpoint.
2026-04-16 03:09:27,130 [INFO] Epoch 10  batch 50/71  loss=0.6462 recon=0.5933 kl=0.5874
2026-04-16 03:09:53,672 [INFO] Epoch 10/30 | train=0.6304 recon=0.5777 kl=0.5857 | val=0.6092 | kl_w=0.090 | lr=0.000950 | 87.8s | sanity=18.8%
2026-04-16 03:09:53,673 [INFO]   sample SMILES: ['NC(NCCc1ccccc1)N1CCC(OCCNC2)c1', 'CNC(=O)C1(c2cnccc2)CC1CCCO1', 'N(CC)c1ccccc1)C(=O)OC', 'CC(C)CNS(=O)(=O)c1ccc(F)cc1', 'F)[nH]1', 'r', 'HC1(CCCOc2ncccc2-n2cncn2)CC1', '2']
2026-04-16 03:09:53,831 [INFO] Saved checkpoint: C:\Users\pushp\OneDrive\Desktop\organic chemistry\genorova\outputs\models\ar\smilesvae_ar_epoch10.pt
2026-04-16 03:09:53,958 [INFO] New best val_loss=0.6092 Ś saved best checkpoint.
2026-04-16 03:10:52,745 [INFO] Epoch 11  batch 50/71  loss=0.6205 recon=0.5622 kl=0.5836
2026-04-16 03:11:23,891 [INFO] Epoch 11/30 | train=0.6205 recon=0.5624 kl=0.5807 | val=0.5900 | kl_w=0.100 | lr=0.000950 | 89.9s
2026-04-16 03:11:24,000 [INFO] New best val_loss=0.5900 Ś saved best checkpoint.
2026-04-16 03:12:29,442 [INFO] Epoch 12  batch 50/71  loss=0.5977 recon=0.5342 kl=0.5773
2026-04-16 03:12:53,788 [INFO] Epoch 12/30 | train=0.6062 recon=0.5428 kl=0.5764 | val=0.5757 | kl_w=0.110 | lr=0.000950 | 89.8s
2026-04-16 03:12:53,897 [INFO] New best val_loss=0.5757 Ś saved best checkpoint.
2026-04-16 03:13:49,295 [INFO] Epoch 13  batch 50/71  loss=0.5937 recon=0.5247 kl=0.5750
2026-04-16 03:14:12,670 [INFO] Epoch 13/30 | train=0.5994 recon=0.5305 kl=0.5748 | val=0.5707 | kl_w=0.120 | lr=0.000950 | 78.8s
2026-04-16 03:14:12,787 [INFO] New best val_loss=0.5707 Ś saved best checkpoint.
2026-04-16 03:15:08,898 [INFO] Epoch 14  batch 50/71  loss=0.5866 recon=0.5121 kl=0.5735
2026-04-16 03:15:33,055 [INFO] Epoch 14/30 | train=0.5901 recon=0.5158 kl=0.5720 | val=0.5597 | kl_w=0.130 | lr=0.000950 | 80.3s
2026-04-16 03:15:33,173 [INFO] New best val_loss=0.5597 Ś saved best checkpoint.
2026-04-16 03:16:40,071 [INFO] Epoch 15  batch 50/71  loss=0.5714 recon=0.4920 kl=0.5673
2026-04-16 03:17:11,848 [INFO] Epoch 15/30 | train=0.5842 recon=0.5045 kl=0.5687 | val=0.5569 | kl_w=0.140 | lr=0.000950 | 98.5s | sanity=6.2%
2026-04-16 03:17:11,848 [INFO]   sample SMILES: ['4)[nH]c1=O', 'l', 'Cn1ccc(CN2CC3c3cnc(C(N)=O)cc32)cc1', '', 'N=S(=O)(=O)CCN1c1ccc(C(=O)NC2CC2)cc1', 'NCCN(Cc1ccc(Cl)cc1)C(F)C', '', 'FF)c1oc(-c2ccc(Br)cc2)no1']
2026-04-16 03:17:11,964 [INFO] New best val_loss=0.5569 Ś saved best checkpoint.
2026-04-16 03:18:08,289 [INFO] Epoch 16  batch 50/71  loss=0.5910 recon=0.5060 kl=0.5669
2026-04-16 03:18:33,279 [INFO] Epoch 16/30 | train=0.5775 recon=0.4924 kl=0.5675 | val=0.5526 | kl_w=0.150 | lr=0.000950 | 81.3s
2026-04-16 03:18:33,399 [INFO] New best val_loss=0.5526 Ś saved best checkpoint.
2026-04-16 03:19:25,198 [INFO] Epoch 17  batch 50/71  loss=0.5734 recon=0.4827 kl=0.5666
2026-04-16 03:19:46,027 [INFO] Epoch 17/30 | train=0.5723 recon=0.4820 kl=0.5646 | val=0.5445 | kl_w=0.160 | lr=0.000950 | 72.6s
2026-04-16 03:19:46,145 [INFO] New best val_loss=0.5445 Ś saved best checkpoint.
2026-04-16 03:20:35,678 [INFO] Epoch 18  batch 50/71  loss=0.5748 recon=0.4791 kl=0.5631
2026-04-16 03:21:01,561 [INFO] Epoch 18/30 | train=0.5693 recon=0.4737 kl=0.5626 | val=0.5460 | kl_w=0.170 | lr=0.000950 | 75.4s
2026-04-16 03:21:53,531 [INFO] Epoch 19  batch 50/71  loss=0.5549 recon=0.4543 kl=0.5593
2026-04-16 03:22:16,277 [INFO] Epoch 19/30 | train=0.5675 recon=0.4667 kl=0.5601 | val=0.5464 | kl_w=0.180 | lr=0.000950 | 74.7s
2026-04-16 03:23:19,351 [INFO] Epoch 20  batch 50/71  loss=0.5657 recon=0.4597 kl=0.5578
2026-04-16 03:23:46,093 [INFO] Epoch 20/30 | train=0.5643 recon=0.4583 kl=0.5580 | val=0.5413 | kl_w=0.190 | lr=0.000902 | 89.7s | sanity=31.2%
2026-04-16 03:23:46,093 [INFO]   sample SMILES: ['CCS(=O)(=O)c1cccc2C(F)F', '2', '1OC(=O)c1ccccc1NC(=O)CCOc1ccccc1', 'c(=O)c2ncnn2CCCN2CCOCC12', '2', 'Cc1nc(C(C)(C)C)nc2c1CCCC2', 'F)Oc1nnc2ccccc2c1=O', 'CCCn1nc(C(=O)Oc2ccc(Cl)cc2)c(C)c1C']
2026-04-16 03:23:46,199 [INFO] Saved checkpoint: C:\Users\pushp\OneDrive\Desktop\organic chemistry\genorova\outputs\models\ar\smilesvae_ar_epoch20.pt
2026-04-16 03:23:46,320 [INFO] New best val_loss=0.5413 Ś saved best checkpoint.
2026-04-16 03:24:46,234 [INFO] Epoch 21  batch 50/71  loss=0.5781 recon=0.4669 kl=0.5558
2026-04-16 03:25:12,380 [INFO] Epoch 21/30 | train=0.5651 recon=0.4539 kl=0.5559 | val=0.5407 | kl_w=0.200 | lr=0.000902 | 86.1s
2026-04-16 03:25:12,587 [INFO] New best val_loss=0.5407 Ś saved best checkpoint.
2026-04-16 03:26:13,513 [INFO] Epoch 22  batch 50/71  loss=0.5523 recon=0.4361 kl=0.5533
2026-04-16 03:26:37,921 [INFO] Epoch 22/30 | train=0.5602 recon=0.4439 kl=0.5537 | val=0.5376 | kl_w=0.210 | lr=0.000902 | 85.3s
2026-04-16 03:26:38,041 [INFO] New best val_loss=0.5376 Ś saved best checkpoint.
2026-04-16 03:27:33,232 [INFO] Epoch 23  batch 50/71  loss=0.5600 recon=0.4381 kl=0.5541
2026-04-16 03:27:53,972 [INFO] Epoch 23/30 | train=0.5571 recon=0.4356 kl=0.5519 | val=0.5391 | kl_w=0.220 | lr=0.000902 | 75.9s
2026-04-16 03:28:47,235 [INFO] Epoch 24  batch 50/71  loss=0.5621 recon=0.4354 kl=0.5505
2026-04-16 03:29:11,680 [INFO] Epoch 24/30 | train=0.5584 recon=0.4317 kl=0.5508 | val=0.5380 | kl_w=0.230 | lr=0.000902 | 77.7s
2026-04-16 03:30:07,996 [INFO] Epoch 25  batch 50/71  loss=0.5450 recon=0.4131 kl=0.5495
2026-04-16 03:30:32,493 [INFO] Epoch 25/30 | train=0.5575 recon=0.4257 kl=0.5494 | val=0.5386 | kl_w=0.240 | lr=0.000902 | 80.5s | sanity=50.0%
2026-04-16 03:30:32,499 [INFO]   sample SMILES: ['Oc1ccc(CCc2ccc3c(c2)OCCO3)cc1', 'CN1CCc2nc(C(C)(C)C)ccc2Nc2cc(C)ccc21', 'O=C(NCc1cccnc1)C(=O)N1CCCC1c1ccccc1', 'CNc1cc(C(=O)N2CCN(c3ccccc3Cl)CC2)cs1', 'CCn1c(C)n(CC(=O)NCCOc2ccccc2)o1', 'N#Cc1cccc(NC(=O)c2cn(C)c(=O)[nH]2)c1', 'CSc1ccc(SCc2noc(C3CC3)c2)n1C', '']
2026-04-16 03:31:22,525 [INFO] Epoch 26  batch 50/71  loss=0.5414 recon=0.4052 kl=0.5446
2026-04-16 03:31:42,764 [INFO] Epoch 26/30 | train=0.5570 recon=0.4201 kl=0.5476 | val=0.5390 | kl_w=0.250 | lr=0.000902 | 70.3s
2026-04-16 03:32:52,511 [INFO] Epoch 27  batch 50/71  loss=0.5611 recon=0.4197 kl=0.5436
2026-04-16 03:33:30,154 [INFO] Epoch 27/30 | train=0.5556 recon=0.4135 kl=0.5464 | val=0.5410 | kl_w=0.260 | lr=0.000902 | 107.4s
2026-04-16 03:34:26,376 [INFO] Epoch 28  batch 50/71  loss=0.5716 recon=0.4251 kl=0.5424
2026-04-16 03:34:49,313 [INFO] Epoch 28/30 | train=0.5580 recon=0.4108 kl=0.5450 | val=0.5441 | kl_w=0.270 | lr=0.000902 | 79.2s
2026-04-16 03:35:38,583 [INFO] Epoch 29  batch 50/71  loss=0.5547 recon=0.4023 kl=0.5442
2026-04-16 03:36:02,333 [INFO] Epoch 29/30 | train=0.5589 recon=0.4066 kl=0.5437 | val=0.5445 | kl_w=0.280 | lr=0.000902 | 73.0s
2026-04-16 03:36:55,636 [INFO] Epoch 30  batch 50/71  loss=0.5605 recon=0.4035 kl=0.5415
2026-04-16 03:37:21,247 [INFO] Epoch 30/30 | train=0.5574 recon=0.3999 kl=0.5430 | val=0.5424 | kl_w=0.290 | lr=0.000857 | 78.8s | sanity=25.0%
2026-04-16 03:37:21,249 [INFO]   sample SMILES: ['CC(=O)Nc1ccc(NC(=O)c2ccccc2Cl)cc1C', '', '3', 'CCc1n[nH]c(=O)c2c1S(=O)(=O)c2ccccc21', '2c1c(Cl)cnc2ccccc21', '2', 'n1ccnc1C(=O)NCc1cccc(Cl)c1', '3)o1']
2026-04-16 03:37:21,369 [INFO] Saved checkpoint: C:\Users\pushp\OneDrive\Desktop\organic chemistry\genorova\outputs\models\ar\smilesvae_ar_epoch30.pt
2026-04-16 03:37:22,059 [INFO] Metrics saved to C:\Users\pushp\OneDrive\Desktop\organic chemistry\genorova\outputs\logs\train_ar_metrics.csv
2026-04-16 03:37:22,180 [INFO] ============================================================
2026-04-16 03:37:22,181 [INFO] Training complete. Best val_loss=0.5376
2026-04-16 03:37:22,182 [INFO] Best checkpoint: C:\Users\pushp\OneDrive\Desktop\organic chemistry\genorova\outputs\models\ar\smilesvae_ar_best.pt
2026-04-16 03:37:22,184 [INFO] ============================================================

[*] Building vocabulary from SMILES strings...
   [OK] Vocabulary built successfully!
   [OK] Unique characters found: 25
   [OK] Vocabulary size (with padding): 29
   [OK] Sample characters: ['#', '(', ')', '-', '1', '2', '3', '4', '5', '=']

[*] Saving vocabulary to C:\Users\pushp\OneDrive\Desktop\organic chemistry\genorova\outputs\vocab_ar.json
   [OK] Vocabulary saved successfully!
   [OK] Location: C:\Users\pushp\OneDrive\Desktop\organic chemistry\genorova\outputs\vocab_ar.json

============================================================
SMILESVAE (autoregressive decoder)
============================================================
  vocab_size  : 29
  latent_dim  : 256
  max_length  : 62
  embed_dim   : 64
  gru_hidden  : 256  x1 layers

[*] Building Encoder (3-layer, wider)...
   Input: [batch, 62, 29]
   Flattened input: 1798
   Layers: 1798 -> 1024 -> 512 -> 256
   Output: mu and logvar (both dim 256)
[*] ARDecoder built: embed=64 hidden=256 layers=1 vocab=29
  total params: 2,955,869

Best checkpoint saved to: C:\Users\pushp\OneDrive\Desktop\organic chemistry\genorova\outputs\models\ar\smilesvae_ar_best.pt
